<html>
<head>
<title>TestNG:  Test</title>
<link href="../testng.css" rel="stylesheet" type="text/css" />
<link href="../my-testng.css" rel="stylesheet" type="text/css" />

<style type="text/css">
.log { display: none;} 
.stack-trace { display: none;} 
</style>
<script type="text/javascript">
<!--
function flip(e) {
  current = e.style.display;
  if (current == 'block') {
    e.style.display = 'none';
    return 0;
  }
  else {
    e.style.display = 'block';
    return 1;
  }
}

function toggleBox(szDivId, elem, msg1, msg2)
{
  var res = -1;  if (document.getElementById) {
    res = flip(document.getElementById(szDivId));
  }
  else if (document.all) {
    // this is the way old msie versions work
    res = flip(document.all[szDivId]);
  }
  if(elem) {
    if(res == 0) elem.innerHTML = msg1; else elem.innerHTML = msg2;
  }

}

function toggleAllBoxes() {
  if (document.getElementsByTagName) {
    d = document.getElementsByTagName('div');
    for (i = 0; i < d.length; i++) {
      if (d[i].className == 'log') {
        flip(d[i]);
      }
    }
  }
}

// -->
</script>

</head>
<body>
<h2 align='center'>Test</h2><table border='1' align="center">
<tr>
<td>Tests passed/Failed/Skipped:</td><td>0/1/0</td>
</tr><tr>
<td>Started on:</td><td>Mon Mar 06 15:24:41 IST 2023</td>
</tr>
<tr><td>Total time:</td><td>115 seconds (115690 ms)</td>
</tr><tr>
<td>Included groups:</td><td></td>
</tr><tr>
<td>Excluded groups:</td><td></td>
</tr>
</table><p/>
<small><i>(Hover the method name to see the test class name)</i></small><p/>
<table width='100%' border='1' class='invocation-failed'>
<tr><td colspan='4' align='center'><b>FAILED TESTS</b></td></tr>
<tr><td><b>Test method</b></td>
<td width="30%"><b>Exception</b></td>
<td width="10%"><b>Time (seconds)</b></td>
<td><b>Instance</b></td>
</tr>
<tr>
<td title='com.unity.runner.RunCucumberTest.runScenario()'><b>runScenario</b><br>Test class: com.unity.runner.RunCucumberTest<br>Test method: Runs Cucumber Scenarios<br>Parameters: "33844040|Sanity Test QC191", "Optional[SanityTest]"</td>
<td><div><pre>org.openqa.selenium.TimeoutException: Expected condition failed: waiting for visibility of element located by By.xpath: (//html[@data-lt-installed=&apos;true&apos;])/lt-highlighter/lt-div/lt-div (tried for 30 second(s) with 500 milliseconds interval)
	at org.openqa.selenium.support.ui.WebDriverWait.timeoutException(WebDriverWait.java:95)
	at org.openqa.selenium.support.ui.FluentWait.until(FluentWait.java:272)
	at com.unity.customelements.UnityWebElement.waitforVisible(UnityWebElement.java:364)
	at com.unity.customelements.UnityWebElement$$EnhancerByCGLIB$$c0c1cc43.CGLIB$waitforVisible$21(&lt;generated&gt;)
	at com.unity.customelements.UnityWebElement$$EnhancerByCGLIB$$c0c1cc43$$FastClassByCGLIB$$47fd7483.invoke(&lt;generated&gt;)
	at net.sf.cglib.proxy.MethodProxy.invokeSuper(MethodProxy.java:228)
	at com.unity.customelements.CustomElementLocator.intercept(CustomElementLocator.java:54)
	at com.unity.customelements.UnityWebElement$$EnhancerByCGLIB$$c0c1cc43.waitforVisible(&lt;generated&gt;)
	at com.unity.customelements.UnityWebElement.sendKeys(UnityWebElement.java:122)
	at com.unity.customelements.UnityWebElement$$EnhancerByCGLIB$$c0c1cc43.CGLIB$sendKeys$16(&lt;generated&gt;)
	at com.unity.customelements.UnityWebElement$$EnhancerByCGLIB$$c0c1cc43$$FastClassByCGLIB$$47fd7483.invoke(&lt;generated&gt;)
	at net.sf.cglib.proxy.MethodProxy.invokeSuper(MethodProxy.java:228)
	at com.unity.customelements.CustomElementLocator.intercept(CustomElementLocator.java:54)
	at com.unity.customelements.UnityWebElement$$EnhancerByCGLIB$$c0c1cc43.sendKeys(&lt;generated&gt;)
	at com.unity.pages.AddQuestionsPage.AddQuestions(AddQuestionsPage.java:91)
	at com.unity.stepdefs.AddQuestionsTest.Instruction_should_get_created(AddQuestionsTest.java:33)
	at ✽.User should add questions(file:///C:/Users/e5617360/Desktop/Automation%20backup/SecutaFramework/src/test/resources/FA_Sanity_Unity/SanityTest.feature:12)
Caused by: org.openqa.selenium.NoSuchElementException: no such element: Unable to locate element: {&quot;method&quot;:&quot;xpath&quot;,&quot;selector&quot;:&quot;(//html[@data-lt-installed=&apos;true&apos;])/lt-highlighter/lt-div/lt-div&quot;}
  (Session info: chrome=110.0.5481.177)
For documentation on this error, please visit: https://www.seleniumhq.org/exceptions/no_such_element.html
Build info: version: &apos;3.141.59&apos;, revision: &apos;e82be7d358&apos;, time: &apos;2018-11-14T08:17:03&apos;
System info: host: &apos;PNQ1-LPD916N13&apos;, ip: &apos;10.11.195.136&apos;, os.name: &apos;Windows 10&apos;, os.arch: &apos;amd64&apos;, os.version: &apos;10.0&apos;, java.version: &apos;1.8.0_301&apos;
Driver info: org.openqa.selenium.chrome.ChromeDriver
Capabilities {acceptInsecureCerts: false, browserName: chrome, browserVersion: 110.0.5481.177, chrome: {chromedriverVersion: 109.0.5414.74 (e7c5703604da..., userDataDir: C:\Users\e5617360\AppData\L...}, goog:chromeOptions: {debuggerAddress: localhost:57884}, javascriptEnabled: true, networkConnectionEnabled: false, pageLoadStrategy: normal, platform: WINDOWS, platformName: WINDOWS, proxy: Proxy(), setWindowRect: true, strictFileInteractability: false, timeouts: {implicit: 0, pageLoad: 300000, script: 30000}, unhandledPromptBehavior: dismiss and notify, webauthn:extension:credBlob: true, webauthn:extension:largeBlob: true, webauthn:virtualAuthenticators: true}
Session ID: f6e3b02bea471f26b777a68088bb2a93
*** Element info: {Using=xpath, value=(//html[@data-lt-installed=&apos;true&apos;])/lt-highlighter/lt-div/lt-div}
	at org.openqa.selenium.remote.http.W3CHttpResponseCodec.createException(W3CHttpResponseCodec.java:187)
	at org.openqa.selenium.remote.http.W3CHttpResponseCodec.decode(W3CHttpResponseCodec.java:122)
	at org.openqa.selenium.remote.http.W3CHttpResponseCodec.decode(W3CHttpResponseCodec.java:49)
	at org.openqa.selenium.remote.HttpCommandExecutor.execute(HttpCommandExecutor.java:158)
	at org.openqa.selenium.remote.service.DriverCommandExecutor.execute(DriverCommandExecutor.java:83)
	at org.openqa.selenium.remote.RemoteWebDriver.execute(RemoteWebDriver.java:552)
	at org.openqa.selenium.remote.RemoteWebDriver.findElement(RemoteWebDriver.java:323)
	at org.openqa.selenium.remote.RemoteWebDriver.findElementByXPath(RemoteWebDriver.java:428)
	at org.openqa.selenium.By$ByXPath.findElement(By.java:353)
	at org.openqa.selenium.remote.RemoteWebDriver.findElement(RemoteWebDriver.java:315)
	at org.openqa.selenium.support.ui.ExpectedConditions$7.apply(ExpectedConditions.java:205)
	at org.openqa.selenium.support.ui.ExpectedConditions$7.apply(ExpectedConditions.java:201)
	at org.openqa.selenium.support.ui.FluentWait.until(FluentWait.java:249)
	at com.unity.customelements.UnityWebElement.waitforVisible(UnityWebElement.java:364)
	at com.unity.customelements.UnityWebElement$$EnhancerByCGLIB$$c0c1cc43.CGLIB$waitforVisible$21(&lt;generated&gt;)
	at com.unity.customelements.UnityWebElement$$EnhancerByCGLIB$$c0c1cc43$$FastClassByCGLIB$$47fd7483.invoke(&lt;generated&gt;)
	at net.sf.cglib.proxy.MethodProxy.invokeSuper(MethodProxy.java:228)
	at com.unity.customelements.CustomElementLocator.intercept(CustomElementLocator.java:54)
	at com.unity.customelements.UnityWebElement$$EnhancerByCGLIB$$c0c1cc43.waitforVisible(&lt;generated&gt;)
	at com.unity.customelements.UnityWebElement.sendKeys(UnityWebElement.java:122)
	at com.unity.customelements.UnityWebElement$$EnhancerByCGLIB$$c0c1cc43.CGLIB$sendKeys$16(&lt;generated&gt;)
	at com.unity.customelements.UnityWebElement$$EnhancerByCGLIB$$c0c1cc43$$FastClassByCGLIB$$47fd7483.invoke(&lt;generated&gt;)
	at net.sf.cglib.proxy.MethodProxy.invokeSuper(MethodProxy.java:228)
	at com.unity.customelements.CustomElementLocator.intercept(CustomElementLocator.java:54)
	at com.unity.customelements.UnityWebElement$$EnhancerByCGLIB$$c0c1cc43.sendKeys(&lt;generated&gt;)
	at com.unity.pages.AddQuestionsPage.AddQuestions(AddQuestionsPage.java:91)
	at com.unity.stepdefs.AddQuestionsTest.Instruction_should_get_created(AddQuestionsTest.java:33)
	at io.cucumber.java.Invoker.doInvoke(Invoker.java:66)
	at io.cucumber.java.Invoker.invoke(Invoker.java:24)
	at io.cucumber.java.AbstractGlueDefinition.invokeMethod(AbstractGlueDefinition.java:47)
	at io.cucumber.java.JavaStepDefinition.execute(JavaStepDefinition.java:29)
	at io.cucumber.core.runner.CoreStepDefinition.execute(CoreStepDefinition.java:66)
	at io.cucumber.core.runner.PickleStepDefinitionMatch.runStep(PickleStepDefinitionMatch.java:63)
	at io.cucumber.core.runner.ExecutionMode$1.execute(ExecutionMode.java:10)
	at io.cucumber.core.runner.TestStep.executeStep(TestStep.java:92)
	at io.cucumber.core.runner.TestStep.run(TestStep.java:64)
	at io.cucumber.core.runner.PickleStepTestStep.run(PickleStepTestStep.java:51)
	at io.cucumber.core.runner.TestCase.run(TestCase.java:104)
	at io.cucumber.core.runner.Runner.runPickle(Runner.java:71)
	at io.cucumber.testng.TestNGCucumberRunner.lambda$runScenario$0(TestNGCucumberRunner.java:116)
	at io.cucumber.core.runtime.CucumberExecutionContext.runTestCase(CucumberExecutionContext.java:117)
	at io.cucumber.testng.TestNGCucumberRunner.runScenario(TestNGCucumberRunner.java:113)
	at io.cucumber.testng.AbstractTestNGCucumberTests.runScenario(AbstractTestNGCucumberTests.java:31)
... Removed 32 stack frames</pre></div><a href='#' onClick='toggleBox("stack-trace21252030", this, "Click to show all stack frames", "Click to hide stack frames")'>Click to show all stack frames</a>
<div class='stack-trace' id='stack-trace21252030'><pre>org.openqa.selenium.TimeoutException: Expected condition failed: waiting for visibility of element located by By.xpath: (//html[@data-lt-installed=&apos;true&apos;])/lt-highlighter/lt-div/lt-div (tried for 30 second(s) with 500 milliseconds interval)
	at org.openqa.selenium.support.ui.WebDriverWait.timeoutException(WebDriverWait.java:95)
	at org.openqa.selenium.support.ui.FluentWait.until(FluentWait.java:272)
	at com.unity.customelements.UnityWebElement.waitforVisible(UnityWebElement.java:364)
	at com.unity.customelements.UnityWebElement$$EnhancerByCGLIB$$c0c1cc43.CGLIB$waitforVisible$21(&lt;generated&gt;)
	at com.unity.customelements.UnityWebElement$$EnhancerByCGLIB$$c0c1cc43$$FastClassByCGLIB$$47fd7483.invoke(&lt;generated&gt;)
	at net.sf.cglib.proxy.MethodProxy.invokeSuper(MethodProxy.java:228)
	at com.unity.customelements.CustomElementLocator.intercept(CustomElementLocator.java:54)
	at com.unity.customelements.UnityWebElement$$EnhancerByCGLIB$$c0c1cc43.waitforVisible(&lt;generated&gt;)
	at com.unity.customelements.UnityWebElement.sendKeys(UnityWebElement.java:122)
	at com.unity.customelements.UnityWebElement$$EnhancerByCGLIB$$c0c1cc43.CGLIB$sendKeys$16(&lt;generated&gt;)
	at com.unity.customelements.UnityWebElement$$EnhancerByCGLIB$$c0c1cc43$$FastClassByCGLIB$$47fd7483.invoke(&lt;generated&gt;)
	at net.sf.cglib.proxy.MethodProxy.invokeSuper(MethodProxy.java:228)
	at com.unity.customelements.CustomElementLocator.intercept(CustomElementLocator.java:54)
	at com.unity.customelements.UnityWebElement$$EnhancerByCGLIB$$c0c1cc43.sendKeys(&lt;generated&gt;)
	at com.unity.pages.AddQuestionsPage.AddQuestions(AddQuestionsPage.java:91)
	at com.unity.stepdefs.AddQuestionsTest.Instruction_should_get_created(AddQuestionsTest.java:33)
	at ✽.User should add questions(file:///C:/Users/e5617360/Desktop/Automation%20backup/SecutaFramework/src/test/resources/FA_Sanity_Unity/SanityTest.feature:12)
Caused by: org.openqa.selenium.NoSuchElementException: no such element: Unable to locate element: {&quot;method&quot;:&quot;xpath&quot;,&quot;selector&quot;:&quot;(//html[@data-lt-installed=&apos;true&apos;])/lt-highlighter/lt-div/lt-div&quot;}
  (Session info: chrome=110.0.5481.177)
For documentation on this error, please visit: https://www.seleniumhq.org/exceptions/no_such_element.html
Build info: version: &apos;3.141.59&apos;, revision: &apos;e82be7d358&apos;, time: &apos;2018-11-14T08:17:03&apos;
System info: host: &apos;PNQ1-LPD916N13&apos;, ip: &apos;10.11.195.136&apos;, os.name: &apos;Windows 10&apos;, os.arch: &apos;amd64&apos;, os.version: &apos;10.0&apos;, java.version: &apos;1.8.0_301&apos;
Driver info: org.openqa.selenium.chrome.ChromeDriver
Capabilities {acceptInsecureCerts: false, browserName: chrome, browserVersion: 110.0.5481.177, chrome: {chromedriverVersion: 109.0.5414.74 (e7c5703604da..., userDataDir: C:\Users\e5617360\AppData\L...}, goog:chromeOptions: {debuggerAddress: localhost:57884}, javascriptEnabled: true, networkConnectionEnabled: false, pageLoadStrategy: normal, platform: WINDOWS, platformName: WINDOWS, proxy: Proxy(), setWindowRect: true, strictFileInteractability: false, timeouts: {implicit: 0, pageLoad: 300000, script: 30000}, unhandledPromptBehavior: dismiss and notify, webauthn:extension:credBlob: true, webauthn:extension:largeBlob: true, webauthn:virtualAuthenticators: true}
Session ID: f6e3b02bea471f26b777a68088bb2a93
*** Element info: {Using=xpath, value=(//html[@data-lt-installed=&apos;true&apos;])/lt-highlighter/lt-div/lt-div}
	at sun.reflect.GeneratedConstructorAccessor28.newInstance(Unknown Source)
	at sun.reflect.DelegatingConstructorAccessorImpl.newInstance(Unknown Source)
	at java.lang.reflect.Constructor.newInstance(Unknown Source)
	at org.openqa.selenium.remote.http.W3CHttpResponseCodec.createException(W3CHttpResponseCodec.java:187)
	at org.openqa.selenium.remote.http.W3CHttpResponseCodec.decode(W3CHttpResponseCodec.java:122)
	at org.openqa.selenium.remote.http.W3CHttpResponseCodec.decode(W3CHttpResponseCodec.java:49)
	at org.openqa.selenium.remote.HttpCommandExecutor.execute(HttpCommandExecutor.java:158)
	at org.openqa.selenium.remote.service.DriverCommandExecutor.execute(DriverCommandExecutor.java:83)
	at org.openqa.selenium.remote.RemoteWebDriver.execute(RemoteWebDriver.java:552)
	at org.openqa.selenium.remote.RemoteWebDriver.findElement(RemoteWebDriver.java:323)
	at org.openqa.selenium.remote.RemoteWebDriver.findElementByXPath(RemoteWebDriver.java:428)
	at org.openqa.selenium.By$ByXPath.findElement(By.java:353)
	at org.openqa.selenium.remote.RemoteWebDriver.findElement(RemoteWebDriver.java:315)
	at org.openqa.selenium.support.ui.ExpectedConditions$7.apply(ExpectedConditions.java:205)
	at org.openqa.selenium.support.ui.ExpectedConditions$7.apply(ExpectedConditions.java:201)
	at org.openqa.selenium.support.ui.FluentWait.until(FluentWait.java:249)
	at com.unity.customelements.UnityWebElement.waitforVisible(UnityWebElement.java:364)
	at com.unity.customelements.UnityWebElement$$EnhancerByCGLIB$$c0c1cc43.CGLIB$waitforVisible$21(&lt;generated&gt;)
	at com.unity.customelements.UnityWebElement$$EnhancerByCGLIB$$c0c1cc43$$FastClassByCGLIB$$47fd7483.invoke(&lt;generated&gt;)
	at net.sf.cglib.proxy.MethodProxy.invokeSuper(MethodProxy.java:228)
	at com.unity.customelements.CustomElementLocator.intercept(CustomElementLocator.java:54)
	at com.unity.customelements.UnityWebElement$$EnhancerByCGLIB$$c0c1cc43.waitforVisible(&lt;generated&gt;)
	at com.unity.customelements.UnityWebElement.sendKeys(UnityWebElement.java:122)
	at com.unity.customelements.UnityWebElement$$EnhancerByCGLIB$$c0c1cc43.CGLIB$sendKeys$16(&lt;generated&gt;)
	at com.unity.customelements.UnityWebElement$$EnhancerByCGLIB$$c0c1cc43$$FastClassByCGLIB$$47fd7483.invoke(&lt;generated&gt;)
	at net.sf.cglib.proxy.MethodProxy.invokeSuper(MethodProxy.java:228)
	at com.unity.customelements.CustomElementLocator.intercept(CustomElementLocator.java:54)
	at com.unity.customelements.UnityWebElement$$EnhancerByCGLIB$$c0c1cc43.sendKeys(&lt;generated&gt;)
	at com.unity.pages.AddQuestionsPage.AddQuestions(AddQuestionsPage.java:91)
	at com.unity.stepdefs.AddQuestionsTest.Instruction_should_get_created(AddQuestionsTest.java:33)
	at sun.reflect.NativeMethodAccessorImpl.invoke0(Native Method)
	at sun.reflect.NativeMethodAccessorImpl.invoke(Unknown Source)
	at sun.reflect.DelegatingMethodAccessorImpl.invoke(Unknown Source)
	at java.lang.reflect.Method.invoke(Unknown Source)
	at io.cucumber.java.Invoker.doInvoke(Invoker.java:66)
	at io.cucumber.java.Invoker.invoke(Invoker.java:24)
	at io.cucumber.java.AbstractGlueDefinition.invokeMethod(AbstractGlueDefinition.java:47)
	at io.cucumber.java.JavaStepDefinition.execute(JavaStepDefinition.java:29)
	at io.cucumber.core.runner.CoreStepDefinition.execute(CoreStepDefinition.java:66)
	at io.cucumber.core.runner.PickleStepDefinitionMatch.runStep(PickleStepDefinitionMatch.java:63)
	at io.cucumber.core.runner.ExecutionMode$1.execute(ExecutionMode.java:10)
	at io.cucumber.core.runner.TestStep.executeStep(TestStep.java:92)
	at io.cucumber.core.runner.TestStep.run(TestStep.java:64)
	at io.cucumber.core.runner.PickleStepTestStep.run(PickleStepTestStep.java:51)
	at io.cucumber.core.runner.TestCase.run(TestCase.java:104)
	at io.cucumber.core.runner.Runner.runPickle(Runner.java:71)
	at io.cucumber.testng.TestNGCucumberRunner.lambda$runScenario$0(TestNGCucumberRunner.java:116)
	at io.cucumber.core.runtime.CucumberExecutionContext.runTestCase(CucumberExecutionContext.java:117)
	at io.cucumber.testng.TestNGCucumberRunner.runScenario(TestNGCucumberRunner.java:113)
	at io.cucumber.testng.AbstractTestNGCucumberTests.runScenario(AbstractTestNGCucumberTests.java:31)
	at sun.reflect.NativeMethodAccessorImpl.invoke0(Native Method)
	at sun.reflect.NativeMethodAccessorImpl.invoke(Unknown Source)
	at sun.reflect.DelegatingMethodAccessorImpl.invoke(Unknown Source)
	at java.lang.reflect.Method.invoke(Unknown Source)
	at org.testng.internal.MethodInvocationHelper.invokeMethod(MethodInvocationHelper.java:124)
	at org.testng.internal.Invoker.invokeMethod(Invoker.java:580)
	at org.testng.internal.Invoker.invokeTestMethod(Invoker.java:716)
	at org.testng.internal.Invoker.invokeTestMethods(Invoker.java:988)
	at org.testng.internal.TestMethodWorker.invokeTestMethods(TestMethodWorker.java:125)
	at org.testng.internal.TestMethodWorker.run(TestMethodWorker.java:109)
	at org.testng.TestRunner.privateRun(TestRunner.java:648)
	at org.testng.TestRunner.run(TestRunner.java:505)
	at org.testng.SuiteRunner.runTest(SuiteRunner.java:455)
	at org.testng.SuiteRunner.runSequentially(SuiteRunner.java:450)
	at org.testng.SuiteRunner.privateRun(SuiteRunner.java:415)
	at org.testng.SuiteRunner.run(SuiteRunner.java:364)
	at org.testng.SuiteRunnerWorker.runSuite(SuiteRunnerWorker.java:52)
	at org.testng.SuiteRunnerWorker.run(SuiteRunnerWorker.java:84)
	at org.testng.TestNG.runSuitesSequentially(TestNG.java:1208)
	at org.testng.TestNG.runSuitesLocally(TestNG.java:1137)
	at org.testng.TestNG.runSuites(TestNG.java:1049)
	at org.testng.TestNG.run(TestNG.java:1017)
	at org.testng.remote.AbstractRemoteTestNG.run(AbstractRemoteTestNG.java:115)
	at org.testng.remote.RemoteTestNG.initAndRun(RemoteTestNG.java:251)
	at org.testng.remote.RemoteTestNG.main(RemoteTestNG.java:77)
</pre></div></td>
<td>113</td>
<td>com.unity.runner.RunCucumberTest@5b87ed94</td></tr>
</table><p>
</body>
</html>